2024-09-28 13:14:25,120 - ERROR - An unexpected error occurred: Invalid format string
2024-09-28 13:14:40,665 - INFO - Connected to IMAP server.
2024-09-28 13:14:40,974 - INFO - Logged in to email account.
2024-09-28 13:14:40,974 - INFO - Fetching the latest email to initialize the monitor.
2024-09-28 13:14:41,467 - INFO - Processing the latest email.
2024-09-28 13:14:41,468 - ERROR - An unexpected error occurred: Invalid format string
2024-09-28 13:14:41,554 - INFO - Logged out from email account.
2024-09-28 13:15:49,734 - INFO - Order details sent to Discord successfully.
2024-09-28 13:15:49,734 - INFO - Entering monitor mode. Waiting for new emails...
2024-09-28 13:16:50,158 - INFO - Monitor stopped by user.
2025-01-23 18:12:03,446 - INFO - Order details sent to Discord successfully.
2025-01-23 18:12:03,447 - INFO - Entering monitor mode. Waiting for new emails...
2025-01-23 18:14:36,056 - ERROR - Failed to login to Robinhood: Unable to log in with provided credentials.
2025-01-23 18:14:36,056 - ERROR - Failed to login to Robinhood. Exiting.
2025-01-23 18:15:10,707 - ERROR - Failed to login to Robinhood: Unable to log in with provided credentials.
2025-01-23 18:15:10,707 - ERROR - Failed to login to Robinhood. Exiting.
2025-01-23 18:15:23,380 - ERROR - Failed to login to Robinhood: 'detail'
2025-01-23 18:15:23,380 - ERROR - Failed to login to Robinhood. Exiting.
2025-01-23 18:15:56,663 - ERROR - Failed to login to Robinhood: 'detail'
2025-01-23 18:15:56,663 - ERROR - Authentication failed. Please check your username and password.
2025-01-23 18:15:56,663 - ERROR - Failed to login to Robinhood. Exiting.
2025-01-23 18:16:32,588 - ERROR - Failed to login to Robinhood: logout can only be called when logged in
2025-01-23 18:16:32,588 - ERROR - Failed to login to Robinhood. Exiting.
2025-01-23 18:16:43,420 - ERROR - Failed to login to Robinhood: 'detail'
2025-01-23 18:16:43,421 - ERROR - Authentication failed. Please check your username and password.
2025-01-23 18:16:43,421 - ERROR - Failed to login to Robinhood. Exiting.
2025-01-23 18:17:33,679 - DEBUG - Checking Robinhood credentials...
2025-01-23 18:17:33,679 - DEBUG - Username length: 21
2025-01-23 18:17:33,679 - DEBUG - Password length: 12
2025-01-23 18:17:33,679 - DEBUG - Attempting to clear existing sessions...
2025-01-23 18:17:33,680 - ERROR - Failed to login to Robinhood: logout can only be called when logged in
2025-01-23 18:17:33,680 - DEBUG - Full error details: Exception('logout can only be called when logged in')
2025-01-23 18:17:33,680 - ERROR - Failed to login to Robinhood. Exiting.
2025-01-23 18:18:09,360 - DEBUG - Checking Robinhood credentials...
2025-01-23 18:18:09,361 - DEBUG - Username length: 21
2025-01-23 18:18:09,361 - DEBUG - Password length: 12
2025-01-23 18:18:09,361 - DEBUG - Attempting to clear existing sessions...
2025-01-23 18:18:09,361 - DEBUG - Logout failed (this is normal if not logged in): logout can only be called when logged in
2025-01-23 18:18:09,361 - DEBUG - Attempting Robinhood login...
2025-01-23 18:18:09,363 - DEBUG - Starting new HTTPS connection (1): api.robinhood.com:443
2025-01-23 18:18:09,507 - DEBUG - https://api.robinhood.com:443 "GET /positions/?nonzero=true HTTP/11" 401 50
2025-01-23 18:18:10,164 - DEBUG - https://api.robinhood.com:443 "POST /oauth2/token/ HTTP/11" 403 124
2025-01-23 18:18:10,165 - ERROR - Failed to login to Robinhood: 'detail'
2025-01-23 18:18:10,165 - DEBUG - Full error details: KeyError('detail')
2025-01-23 18:18:10,165 - ERROR - Authentication failed. Please check your username and password.
2025-01-23 18:18:10,165 - ERROR - Failed to login to Robinhood. Exiting.
2025-01-23 18:18:48,747 - DEBUG - Checking Robinhood credentials...
2025-01-23 18:18:48,747 - DEBUG - Username length: 21
2025-01-23 18:18:48,747 - DEBUG - Password length: 12
2025-01-23 18:18:48,747 - DEBUG - Attempting to clear existing sessions...
2025-01-23 18:18:48,747 - DEBUG - Logout failed (this is normal if not logged in): logout can only be called when logged in
2025-01-23 18:18:48,747 - DEBUG - Attempting Robinhood login...
2025-01-23 18:18:48,749 - DEBUG - Starting new HTTPS connection (1): api.robinhood.com:443
2025-01-23 18:18:50,859 - DEBUG - https://api.robinhood.com:443 "POST /oauth2/token/ HTTP/11" 403 124
2025-01-23 18:18:50,860 - ERROR - Login attempt failed with error: 'detail'
2025-01-23 18:18:50,860 - DEBUG - Full login error details: KeyError('detail')
2025-01-23 18:18:50,860 - ERROR - Failed to login to Robinhood. Exiting.
2025-01-23 18:20:07,709 - DEBUG - Checking Robinhood credentials...
2025-01-23 18:20:07,709 - DEBUG - Username length: 21
2025-01-23 18:20:07,709 - DEBUG - Password length: 12
2025-01-23 18:20:07,709 - DEBUG - Attempting to clear existing sessions...
2025-01-23 18:20:07,709 - DEBUG - Logout failed (this is normal if not logged in): logout can only be called when logged in
2025-01-23 18:20:07,709 - DEBUG - Attempting Robinhood login...
2025-01-23 18:20:07,711 - DEBUG - Starting new HTTPS connection (1): api.robinhood.com:443
2025-01-23 18:20:09,646 - DEBUG - https://api.robinhood.com:443 "POST /oauth2/token/ HTTP/11" 403 124
2025-01-23 18:21:41,160 - DEBUG - Checking Robinhood credentials...
2025-01-23 18:21:41,160 - DEBUG - Username length: 21
2025-01-23 18:21:41,160 - DEBUG - Password length: 12
2025-01-23 18:21:41,160 - DEBUG - Attempting to clear existing sessions...
2025-01-23 18:21:41,161 - DEBUG - Logout failed (this is normal if not logged in): logout can only be called when logged in
2025-01-23 18:21:41,161 - DEBUG - Attempting Robinhood login...
2025-01-23 18:21:41,162 - DEBUG - Starting new HTTPS connection (1): api.robinhood.com:443
2025-01-23 18:21:43,183 - DEBUG - https://api.robinhood.com:443 "POST /oauth2/token/ HTTP/11" 403 124
2025-01-23 18:24:40,414 - DEBUG - Checking Robinhood credentials...
2025-01-23 18:24:40,414 - DEBUG - Username length: 21
2025-01-23 18:24:40,414 - DEBUG - Password length: 12
2025-01-23 18:24:40,414 - DEBUG - Attempting to clear existing sessions...
2025-01-23 18:24:40,414 - DEBUG - Logout failed (this is normal if not logged in): logout can only be called when logged in
2025-01-23 18:24:40,414 - DEBUG - Attempting Robinhood login...
2025-01-23 18:24:40,420 - DEBUG - Starting new HTTPS connection (1): api.robinhood.com:443
2025-01-23 18:24:42,379 - DEBUG - https://api.robinhood.com:443 "POST /oauth2/token/ HTTP/11" 403 124
2025-01-23 18:25:52,099 - DEBUG - https://api.robinhood.com:443 "POST /pathfinder/user_machine/ HTTP/11" 200 45
2025-01-23 18:25:52,210 - DEBUG - https://api.robinhood.com:443 "GET /pathfinder/inquiries/0795a992-4bc1-405a-aab6-430a08a78b70/user_view/ HTTP/11" 200 1043
2025-01-23 18:25:52,316 - DEBUG - https://api.robinhood.com:443 "POST /challenge/d8a870ec-d0ad-4764-95ec-ec23c5a87b48/respond/ HTTP/11" 401 58
2025-01-23 18:25:52,317 - ERROR - Login attempt failed with error: 'status'
2025-01-23 18:25:52,317 - DEBUG - Full login error details: KeyError('status')
2025-01-23 18:25:52,317 - ERROR - Failed to login to Robinhood. Exiting.
2025-01-23 18:25:58,478 - DEBUG - Checking Robinhood credentials...
2025-01-23 18:25:58,479 - DEBUG - Username length: 21
2025-01-23 18:25:58,479 - DEBUG - Password length: 12
2025-01-23 18:25:58,479 - DEBUG - Attempting to clear existing sessions...
2025-01-23 18:25:58,479 - DEBUG - Logout failed (this is normal if not logged in): logout can only be called when logged in
2025-01-23 18:25:58,479 - DEBUG - Attempting Robinhood login...
2025-01-23 18:25:58,481 - DEBUG - Starting new HTTPS connection (1): api.robinhood.com:443
2025-01-23 18:26:00,109 - DEBUG - https://api.robinhood.com:443 "POST /oauth2/token/ HTTP/11" 403 124
2025-01-23 18:28:28,928 - DEBUG - Checking Robinhood credentials...
2025-01-23 18:28:28,928 - DEBUG - Username length: 21
2025-01-23 18:28:28,928 - DEBUG - Password length: 12
2025-01-23 18:28:28,928 - DEBUG - Attempting to clear existing sessions...
2025-01-23 18:28:28,928 - DEBUG - Logout failed (this is normal if not logged in): logout can only be called when logged in
2025-01-23 18:28:28,928 - DEBUG - Attempting Robinhood login...
2025-01-23 18:28:28,930 - DEBUG - Starting new HTTPS connection (1): api.robinhood.com:443
2025-01-23 18:28:30,548 - DEBUG - https://api.robinhood.com:443 "POST /oauth2/token/ HTTP/11" 403 124
2025-01-23 18:30:08,360 - DEBUG - https://api.robinhood.com:443 "POST /pathfinder/user_machine/ HTTP/11" 200 45
2025-01-23 18:30:08,470 - DEBUG - https://api.robinhood.com:443 "GET /pathfinder/inquiries/93c4c2a7-f864-4991-8354-d1cdb9e366de/user_view/ HTTP/11" 200 1043
2025-01-23 18:30:08,580 - DEBUG - https://api.robinhood.com:443 "POST /challenge/1ede0668-d0c7-457c-a6b9-50e54f37d683/respond/ HTTP/11" 401 58
2025-01-23 18:30:08,580 - ERROR - Login attempt failed with error: 'status'
2025-01-23 18:30:08,580 - DEBUG - Full login error details: KeyError('status')
2025-01-23 18:30:08,581 - ERROR - Failed to login to Robinhood. Exiting.
2025-01-23 18:30:13,652 - ERROR - Please set all required environment variables in the .env file.
2025-01-23 18:31:26,350 - INFO - Connected to Gmail successfully.
2025-01-23 18:31:26,757 - DEBUG - Latest email ID found: 38237
2025-01-23 18:31:26,972 - DEBUG - Fetched email subject: Your order has been executed
2025-01-23 18:31:26,972 - DEBUG - Extracted text via XPath: Your order to buy 30 shares of MRK was executed at an average price of $97.14 on January 23, 2025 at 8:50 PM ET. Your order to buy 30 shares of MRK through your individual account was executed at an average price of $97.14 on January 23, 2025 at 8:50 PM ET.
2025-01-23 18:31:26,973 - DEBUG - Parsed order details: [{'Action': 'Buy', 'Shares': '30', 'Ticker': 'MRK', 'Average Price': '$97.14', 'Purchase Date and Time (ET)': 'January 23, 2025 at 8:50 PM ET'}]
2025-01-23 18:31:26,973 - INFO - Order Executed: {'Action': 'Buy', 'Shares': '30', 'Ticker': 'MRK', 'Average Price': '$97.14', 'Purchase Date and Time (ET)': 'January 23, 2025 at 8:50 PM ET'}
2025-01-23 18:31:26,974 - DEBUG - Starting new HTTPS connection (1): discord.com:443
2025-01-23 18:31:27,227 - DEBUG - https://discord.com:443 "POST /api/webhooks/1289682243840643092/4p3BB6f77rLGPIIpJoqMGjaJZOIhLSVxrHpR0fZiaq4tWawvwc4bLIWHIyB35Xp5hPRP HTTP/11" 204 0
2025-01-23 18:31:27,227 - INFO - Order details sent to Discord successfully.
2025-01-23 18:31:27,227 - INFO - Entering monitor mode. Waiting for new emails...
2025-01-23 18:31:27,612 - DEBUG - No new emails found.
2025-01-23 18:34:06,517 - ERROR - Failed to initialize Selenium WebDriver: WebDriver.__init__() got an unexpected keyword argument 'executable_path'
2025-01-23 18:35:40,648 - ERROR - Failed to initialize Selenium WebDriver: Message: Unable to obtain driver for chrome; For documentation on this error, please visit: https://www.selenium.dev/documentation/webdriver/troubleshooting/errors/driver_location

2025-01-23 18:44:05,489 - ERROR - Failed to initialize Selenium WebDriver: Message: session not created: This version of ChromeDriver only supports Chrome version 132
Current browser version is 131.0.6778.265 with binary path C:\Program Files\Google\Chrome\Application\chrome.exe
Stacktrace:
	GetHandleVerifier [0x00007FF71BF6CC05+28741]
	(No symbol) [0x00007FF71BECFED0]
	(No symbol) [0x00007FF71BD64FBA]
	(No symbol) [0x00007FF71BDA6C52]
	(No symbol) [0x00007FF71BDA5CBB]
	(No symbol) [0x00007FF71BD9FCE8]
	(No symbol) [0x00007FF71BD9B379]
	(No symbol) [0x00007FF71BDEB09A]
	(No symbol) [0x00007FF71BDEA6D0]
	(No symbol) [0x00007FF71BDDFBD3]
	(No symbol) [0x00007FF71BDA9F43]
	(No symbol) [0x00007FF71BDAB2D1]
	GetHandleVerifier [0x00007FF71C29DE3D+3375741]
	GetHandleVerifier [0x00007FF71C2B096A+3452330]
	GetHandleVerifier [0x00007FF71C2A671D+3410781]
	GetHandleVerifier [0x00007FF71C03653B+854395]
	(No symbol) [0x00007FF71BEDBE0F]
	(No symbol) [0x00007FF71BED7714]
	(No symbol) [0x00007FF71BED78AD]
	(No symbol) [0x00007FF71BEC6189]
	BaseThreadInitThunk [0x00007FFA36E9259D+29]
	RtlUserThreadStart [0x00007FFA3886AF38+40]

2025-01-23 18:48:35,890 - INFO - Selenium WebDriver initialized successfully.
2025-01-23 18:48:36,570 - INFO - Navigated to Robinhood login page.
2025-01-23 18:48:39,882 - INFO - Submitted login form.
2025-01-23 18:48:44,900 - ERROR - Failed to log into Robinhood. Please check your credentials and MFA.
2025-01-23 18:48:44,900 - ERROR - Exiting due to login failure.
2025-01-23 18:48:46,960 - INFO - Selenium WebDriver closed.
2025-01-23 18:49:47,577 - INFO - Selenium WebDriver initialized successfully.
2025-01-23 18:49:48,225 - INFO - Navigated to Robinhood login page.
2025-01-23 18:49:51,438 - INFO - Submitted login form.
2025-01-23 18:50:38,416 - ERROR - Failed to log into Robinhood. Please check your credentials and MFA.
2025-01-23 18:50:38,417 - ERROR - Exiting due to login failure.
2025-01-23 18:50:40,518 - INFO - Selenium WebDriver closed.
2025-01-23 18:51:59,905 - INFO - Selenium WebDriver initialized successfully.
2025-01-23 18:52:00,581 - INFO - Navigated to Robinhood login page.
2025-01-23 18:52:03,803 - INFO - Submitted login form.
2025-01-23 18:53:42,119 - INFO - Selenium WebDriver initialized successfully.
2025-01-23 18:53:42,795 - INFO - Navigated to Robinhood login page.
2025-01-23 18:53:46,032 - INFO - Submitted login form.
2025-01-23 18:55:28,973 - INFO - Selenium WebDriver initialized successfully.
2025-01-23 18:55:29,673 - INFO - Navigated to Robinhood login page.
2025-01-23 18:55:32,898 - INFO - Submitted login form.
2025-01-23 18:55:57,899 - INFO - Proceeding after 20 second wait...
2025-01-23 18:55:57,899 - INFO - Navigating to portfolio page...
2025-01-23 18:56:03,713 - INFO - Navigated to Robinhood portfolio page.
2025-01-23 18:56:08,728 - INFO - Total Portfolio Value: $0.00
2025-01-23 18:56:08,728 - ERROR - No holdings found. Exiting.
2025-01-23 18:56:10,806 - INFO - Selenium WebDriver closed.
2025-01-23 18:59:31,121 - INFO - Selenium WebDriver initialized successfully.
2025-01-23 18:59:31,794 - INFO - Navigated to Robinhood login page.
2025-01-23 18:59:35,081 - INFO - Submitted login form.
2025-01-23 18:59:47,539 - INFO - Selenium WebDriver initialized successfully.
2025-01-23 18:59:48,201 - INFO - Navigated to Robinhood login page.
2025-01-23 18:59:52,488 - INFO - Submitted login form.
2025-01-23 19:00:17,489 - INFO - Proceeding after 20 second wait...
2025-01-23 19:00:17,489 - INFO - Navigating to investing page...
2025-01-23 19:00:23,355 - INFO - Navigated to Robinhood portfolio page.
2025-01-23 19:00:28,356 - ERROR - An error occurred while scraping portfolio data: Message: no such window: target window already closed
from unknown error: web view not found
  (Session info: chrome=132.0.6834.111)
Stacktrace:
	GetHandleVerifier [0x00007FF68F88CC05+28741]
	(No symbol) [0x00007FF68F7EFED0]
	(No symbol) [0x00007FF68F684FBA]
	(No symbol) [0x00007FF68F65ED55]
	(No symbol) [0x00007FF68F706DE7]
	(No symbol) [0x00007FF68F71F8B2]
	(No symbol) [0x00007FF68F6FFBD3]
	(No symbol) [0x00007FF68F6C9F43]
	(No symbol) [0x00007FF68F6CB2D1]
	GetHandleVerifier [0x00007FF68FBBDE3D+3375741]
	GetHandleVerifier [0x00007FF68FBD096A+3452330]
	GetHandleVerifier [0x00007FF68FBC671D+3410781]
	GetHandleVerifier [0x00007FF68F95653B+854395]
	(No symbol) [0x00007FF68F7FBE0F]
	(No symbol) [0x00007FF68F7F7714]
	(No symbol) [0x00007FF68F7F78AD]
	(No symbol) [0x00007FF68F7E6189]
	BaseThreadInitThunk [0x00007FF91176259D+29]
	RtlUserThreadStart [0x00007FF912A2AF38+40]

2025-01-23 19:00:28,357 - ERROR - No holdings found. Exiting.
2025-01-23 19:04:10,632 - INFO - Selenium WebDriver initialized successfully.
2025-01-23 19:04:11,362 - INFO - Navigated to Robinhood login page.
2025-01-23 19:04:15,653 - INFO - Submitted login form.
2025-01-23 19:04:40,654 - INFO - Proceeding after 20 second wait...
2025-01-23 19:04:40,654 - INFO - Navigating to investing page...
2025-01-23 19:04:46,866 - INFO - Navigated to Robinhood portfolio page.
2025-01-23 19:04:56,881 - ERROR - Could not find portfolio elements
2025-01-23 19:04:56,881 - ERROR - No holdings found. Exiting.
2025-01-23 19:04:58,946 - INFO - Selenium WebDriver closed.
2025-01-23 19:08:46,547 - INFO - Selenium WebDriver initialized successfully.
2025-01-23 19:08:47,155 - INFO - Navigated to Robinhood login page.
2025-01-23 19:08:51,422 - INFO - Submitted login form.
2025-01-23 19:09:16,423 - INFO - Proceeding after 20 second wait...
2025-01-23 19:09:16,423 - INFO - Navigating to investing page...
2025-01-23 19:09:22,633 - INFO - Navigated to Robinhood portfolio page.
2025-01-23 19:09:37,689 - ERROR - Could not find any portfolio items with any selector
2025-01-23 19:09:37,690 - ERROR - No holdings found. Exiting.
2025-01-23 19:09:39,761 - INFO - Selenium WebDriver closed.
2025-01-23 19:10:55,357 - INFO - Selenium WebDriver initialized successfully.
2025-01-23 19:10:55,953 - INFO - Navigated to Robinhood login page.
2025-01-23 19:11:00,225 - INFO - Submitted login form.
2025-01-23 19:11:25,227 - INFO - Proceeding after 20 second wait...
2025-01-23 19:11:25,227 - INFO - Navigating to investing page...
2025-01-23 19:11:31,239 - INFO - Navigated to Robinhood portfolio page.
2025-01-23 19:11:46,267 - INFO - React root found
2025-01-23 19:11:46,296 - INFO - Found 921 visible elements
2025-01-23 19:11:46,776 - INFO - Found element containing dollar sign
2025-01-23 19:11:46,780 - ERROR - Could not find portfolio data
2025-01-23 19:11:46,780 - ERROR - No holdings found. Exiting.
2025-01-23 19:11:48,862 - INFO - Selenium WebDriver closed.
2025-01-23 19:12:43,109 - INFO - Selenium WebDriver initialized successfully.
2025-01-23 19:12:44,034 - INFO - Navigated to Robinhood login page.
2025-01-23 19:12:48,309 - INFO - Submitted login form.
2025-01-23 19:13:13,311 - INFO - Proceeding after 20 second wait...
2025-01-23 19:13:13,311 - INFO - Navigating to investing page...
2025-01-23 19:13:19,547 - INFO - Navigated to Robinhood portfolio page.
2025-01-23 19:13:34,556 - ERROR - Error extracting data from JavaScript: Message: javascript error: Cannot read properties of undefined (reading 'data')
  (Session info: chrome=132.0.6834.111)
Stacktrace:
	GetHandleVerifier [0x00007FF68F88CC05+28741]
	(No symbol) [0x00007FF68F7EFED0]
	(No symbol) [0x00007FF68F684FBA]
	(No symbol) [0x00007FF68F68BC0C]
	(No symbol) [0x00007FF68F68EC98]
	(No symbol) [0x00007FF68F7212C0]
	(No symbol) [0x00007FF68F6FFE2A]
	(No symbol) [0x00007FF68F71FFE1]
	(No symbol) [0x00007FF68F6FFBD3]
	(No symbol) [0x00007FF68F6C9F43]
	(No symbol) [0x00007FF68F6CB2D1]
	GetHandleVerifier [0x00007FF68FBBDE3D+3375741]
	GetHandleVerifier [0x00007FF68FBD096A+3452330]
	GetHandleVerifier [0x00007FF68FBC671D+3410781]
	GetHandleVerifier [0x00007FF68F95653B+854395]
	(No symbol) [0x00007FF68F7FBE0F]
	(No symbol) [0x00007FF68F7F7714]
	(No symbol) [0x00007FF68F7F78AD]
	(No symbol) [0x00007FF68F7E6189]
	BaseThreadInitThunk [0x00007FF91176259D+29]
	RtlUserThreadStart [0x00007FF912A2AF38+40]

2025-01-23 19:13:34,558 - ERROR - No holdings found. Exiting.
2025-01-23 19:13:36,634 - INFO - Selenium WebDriver closed.
2025-01-23 20:26:27,411 - INFO - Selenium WebDriver initialized successfully.
2025-01-23 20:26:28,055 - INFO - Navigated to Robinhood login page.
2025-01-23 20:26:31,263 - INFO - Submitted login form.
